# JRE version: OpenJDK Runtime Environment Temurin-21.0.11+10 (21.0.11+10) (build 21.0.11+10-LTS)
# Java VM: OpenJDK 64-Bit Server VM Temurin-21.0.11+10 (21.0.11+10-LTS, mixed mode, sharing, tiered, compressed oops, compressed class ptrs, parallel gc, windows-amd64)
GC Precious Log:
 CardTable entry size: 512
 CPUs: 4 total, 4 available
 Memory: 8072M
 Large Page Support: Disabled
 NUMA Support: Disabled
 Compressed Oops: Enabled (32-bit)
 Alignments: Space 512K, Generation 512K, Heap 2M
 Heap Min Capacity: 100M
 Heap Initial Capacity: 100M
 Heap Max Capacity: 2G
 Pre-touch: Disabled
 Parallel Workers: 4
Heap:
 PSYoungGen      total 2560K, used 1908K [0x00000000d5580000, 0x00000000d5980000, 0x0000000100000000)
  eden space 2048K, 69% used [0x00000000d5580000,0x00000000d56e5128,0x00000000d5780000)
  from space 512K, 93% used [0x00000000d5880000,0x00000000d58f8000,0x00000000d5900000)
  to   space 1024K, 0% used [0x00000000d5780000,0x00000000d5780000,0x00000000d5880000)
 ParOldGen       total 154624K, used 154590K [0x0000000080000000, 0x0000000089700000, 0x00000000d5580000)
  object space 154624K, 99% used [0x0000000080000000,0x00000000896f7a70,0x0000000089700000)
 Metaspace       used 78812K, committed 80512K, reserved 1179648K
  class space    used 8200K, committed 8960K, reserved 1048576K
GC Heap History (20 events):
Event: 501.691 GC heap before
{Heap before GC invocations=416 (full 3):
 PSYoungGen      total 2560K, used 2324K [0x00000000d5580000, 0x00000000d5980000, 0x0000000100000000)
  eden space 2048K, 98% used [0x00000000d5580000,0x00000000d57778a0,0x00000000d5780000)
  from space 512K, 60% used [0x00000000d5900000,0x00000000d594dac8,0x00000000d5980000)
  to   space 512K, 0% used [0x00000000d5880000,0x00000000d5880000,0x00000000d5900000)
 ParOldGen       total 151040K, used 150566K [0x0000000080000000, 0x0000000089380000, 0x00000000d5580000)
  object space 151040K, 99% used [0x0000000080000000,0x00000000893099c0,0x0000000089380000)
 Metaspace       used 78209K, committed 79808K, reserved 1179648K
  class space    used 8119K, committed 8832K, reserved 1048576K
}
Event: 501.693 GC heap after
{Heap after GC invocations=416 (full 3):
 PSYoungGen      total 2560K, used 480K [0x00000000d5580000, 0x00000000d5980000, 0x0000000100000000)
  eden space 2048K, 0% used [0x00000000d5580000,0x00000000d5580000,0x00000000d5780000)
  from space 512K, 93% used [0x00000000d5880000,0x00000000d58f8000,0x00000000d5900000)
  to   space 512K, 0% used [0x00000000d5900000,0x00000000d5900000,0x00000000d5980000)
 ParOldGen       total 151040K, used 150726K [0x0000000080000000, 0x0000000089380000, 0x00000000d5580000)
  object space 151040K, 99% used [0x0000000080000000,0x00000000893319c0,0x0000000089380000)
 Metaspace       used 78209K, committed 79808K, reserved 1179648K
  class space    used 8119K, committed 8832K, reserved 1048576K
}
Event: 502.082 GC heap before
{Heap before GC invocations=417 (full 3):
 PSYoungGen      total 2560K, used 2415K [0x00000000d5580000, 0x00000000d5980000, 0x0000000100000000)
  eden space 2048K, 94% used [0x00000000d5580000,0x00000000d5763db0,0x00000000d5780000)
  from space 512K, 93% used [0x00000000d5880000,0x00000000d58f8000,0x00000000d5900000)
  to   space 512K, 0% used [0x00000000d5900000,0x00000000d5900000,0x00000000d5980000)
 ParOldGen       total 152576K, used 152230K [0x0000000080000000, 0x0000000089500000, 0x00000000d5580000)
  object space 152576K, 99% used [0x0000000080000000,0x00000000894a9ac0,0x0000000089500000)
 Metaspace       used 78301K, committed 79936K, reserved 1179648K
  class space    used 8121K, committed 8832K, reserved 1048576K
}
Event: 502.087 GC heap after
{Heap after GC invocations=417 (full 3):
 PSYoungGen      total 2560K, used 128K [0x00000000d5580000, 0x00000000d5980000, 0x0000000100000000)
  eden space 2048K, 0% used [0x00000000d5580000,0x00000000d5580000,0x00000000d5780000)
  from space 512K, 25% used [0x00000000d5900000,0x00000000d5920000,0x00000000d5980000)
  to   space 512K, 0% used [0x00000000d5880000,0x00000000d5880000,0x00000000d5900000)
 ParOldGen       total 153088K, used 152667K [0x0000000080000000, 0x0000000089580000, 0x00000000d5580000)
  object space 153088K, 99% used [0x0000000080000000,0x0000000089516d68,0x0000000089580000)
 Metaspace       used 78301K, committed 79936K, reserved 1179648K
  class space    used 8121K, committed 8832K, reserved 1048576K
}
Event: 502.169 GC heap before
{Heap before GC invocations=418 (full 3):
 PSYoungGen      total 2560K, used 2176K [0x00000000d5580000, 0x00000000d5980000, 0x0000000100000000)
  eden space 2048K, 100% used [0x00000000d5580000,0x00000000d5780000,0x00000000d5780000)
  from space 512K, 25% used [0x00000000d5900000,0x00000000d5920000,0x00000000d5980000)
  to   space 512K, 0% used [0x00000000d5880000,0x00000000d5880000,0x00000000d5900000)
 ParOldGen       total 153088K, used 152667K [0x0000000080000000, 0x0000000089580000, 0x00000000d5580000)
  object space 153088K, 99% used [0x0000000080000000,0x0000000089516d68,0x0000000089580000)
 Metaspace       used 78311K, committed 79936K, reserved 1179648K
  class space    used 8121K, committed 8832K, reserved 1048576K
}
Event: 502.171 GC heap after
{Heap after GC invocations=418 (full 3):
 PSYoungGen      total 2560K, used 241K [0x00000000d5580000, 0x00000000d5980000, 0x0000000100000000)
  eden space 2048K, 0% used [0x00000000d5580000,0x00000000d5580000,0x00000000d5780000)
  from space 512K, 47% used [0x00000000d5880000,0x00000000d58bc450,0x00000000d5900000)
  to   space 512K, 0% used [0x00000000d5900000,0x00000000d5900000,0x00000000d5980000)
 ParOldGen       total 153088K, used 152744K [0x0000000080000000, 0x0000000089580000, 0x00000000d5580000)
  object space 153088K, 99% used [0x0000000080000000,0x000000008952a000,0x0000000089580000)
 Metaspace       used 78311K, committed 79936K, reserved 1179648K
  class space    used 8121K, committed 8832K, reserved 1048576K
}
Event: 502.571 GC heap before
{Heap before GC invocations=419 (full 3):
 PSYoungGen      total 2560K, used 2289K [0x00000000d5580000, 0x00000000d5980000, 0x0000000100000000)
  eden space 2048K, 100% used [0x00000000d5580000,0x00000000d5780000,0x00000000d5780000)
  from space 512K, 47% used [0x00000000d5880000,0x00000000d58bc450,0x00000000d5900000)
  to   space 512K, 0% used [0x00000000d5900000,0x00000000d5900000,0x00000000d5980000)
 ParOldGen       total 153088K, used 152744K [0x0000000080000000, 0x0000000089580000, 0x00000000d5580000)
  object space 153088K, 99% used [0x0000000080000000,0x000000008952a000,0x0000000089580000)
 Metaspace       used 78315K, committed 79936K, reserved 1179648K
  class space    used 8121K, committed 8832K, reserved 1048576K
}
Event: 502.573 GC heap after
{Heap after GC invocations=419 (full 3):
 PSYoungGen      total 2560K, used 484K [0x00000000d5580000, 0x00000000d5980000, 0x0000000100000000)
  eden space 2048K, 0% used [0x00000000d5580000,0x00000000d5580000,0x00000000d5780000)
  from space 512K, 94% used [0x00000000d5900000,0x00000000d5979210,0x00000000d5980000)
  to   space 1024K, 0% used [0x00000000d5780000,0x00000000d5780000,0x00000000d5880000)
 ParOldGen       total 153088K, used 152921K [0x0000000080000000, 0x0000000089580000, 0x00000000d5580000)
  object space 153088K, 99% used [0x0000000080000000,0x0000000089556450,0x0000000089580000)
 Metaspace       used 78315K, committed 79936K, reserved 1179648K
  class space    used 8121K, committed 8832K, reserved 1048576K
}
Event: 502.744 GC heap before
{Heap before GC invocations=420 (full 3):
 PSYoungGen      total 2560K, used 2532K [0x00000000d5580000, 0x00000000d5980000, 0x0000000100000000)
  eden space 2048K, 100% used [0x00000000d5580000,0x00000000d5780000,0x00000000d5780000)
  from space 512K, 94% used [0x00000000d5900000,0x00000000d5979210,0x00000000d5980000)
  to   space 1024K, 0% used [0x00000000d5780000,0x00000000d5780000,0x00000000d5880000)
 ParOldGen       total 153088K, used 152921K [0x0000000080000000, 0x0000000089580000, 0x00000000d5580000)
  object space 153088K, 99% used [0x0000000080000000,0x0000000089556450,0x0000000089580000)
 Metaspace       used 78319K, committed 79936K, reserved 1179648K
  class space    used 8121K, committed 8832K, reserved 1048576K
}
Event: 502.746 GC heap after
{Heap after GC invocations=420 (full 3):
 PSYoungGen      total 3072K, used 436K [0x00000000d5580000, 0x00000000d5980000, 0x0000000100000000)
  eden space 2048K, 0% used [0x00000000d5580000,0x00000000d5580000,0x00000000d5780000)
  from space 1024K, 42% used [0x00000000d5780000,0x00000000d57ed200,0x00000000d5880000)
  to   space 1024K, 0% used [0x00000000d5880000,0x00000000d5880000,0x00000000d5980000)
 ParOldGen       total 153600K, used 153373K [0x0000000080000000, 0x0000000089600000, 0x00000000d5580000)
  object space 153600K, 99% used [0x0000000080000000,0x00000000895c7660,0x0000000089600000)
 Metaspace       used 78319K, committed 79936K, reserved 1179648K
  class space    used 8121K, committed 8832K, reserved 1048576K
}
Event: 502.801 GC heap before
{Heap before GC invocations=421 (full 3):
 PSYoungGen      total 3072K, used 2484K [0x00000000d5580000, 0x00000000d5980000, 0x0000000100000000)
  eden space 2048K, 100% used [0x00000000d5580000,0x00000000d5780000,0x00000000d5780000)
  from space 1024K, 42% used [0x00000000d5780000,0x00000000d57ed200,0x00000000d5880000)
  to   space 1024K, 0% used [0x00000000d5880000,0x00000000d5880000,0x00000000d5980000)
 ParOldGen       total 153600K, used 153373K [0x0000000080000000, 0x0000000089600000, 0x00000000d5580000)
  object space 153600K, 99% used [0x0000000080000000,0x00000000895c7660,0x0000000089600000)
 Metaspace       used 78322K, committed 79936K, reserved 1179648K
  class space    used 8121K, committed 8832K, reserved 1048576K
}
Event: 502.803 GC heap after
{Heap after GC invocations=421 (full 3):
 PSYoungGen      total 3072K, used 576K [0x00000000d5580000, 0x00000000d5980000, 0x0000000100000000)
  eden space 2048K, 0% used [0x00000000d5580000,0x00000000d5580000,0x00000000d5780000)
  from space 1024K, 56% used [0x00000000d5880000,0x00000000d5910000,0x00000000d5980000)
  to   space 1024K, 0% used [0x00000000d5780000,0x00000000d5780000,0x00000000d5880000)
 ParOldGen       total 154112K, used 153746K [0x0000000080000000, 0x0000000089680000, 0x00000000d5580000)
  object space 154112K, 99% used [0x0000000080000000,0x0000000089624860,0x0000000089680000)
 Metaspace       used 78322K, committed 79936K, reserved 1179648K
  class space    used 8121K, committed 8832K, reserved 1048576K
}
Event: 503.581 GC heap before
{Heap before GC invocations=422 (full 3):
 PSYoungGen      total 3072K, used 2621K [0x00000000d5580000, 0x00000000d5980000, 0x0000000100000000)
  eden space 2048K, 99% used [0x00000000d5580000,0x00000000d577f6e8,0x00000000d5780000)
  from space 1024K, 56% used [0x00000000d5880000,0x00000000d5910000,0x00000000d5980000)
  to   space 1024K, 0% used [0x00000000d5780000,0x00000000d5780000,0x00000000d5880000)
 ParOldGen       total 154112K, used 153746K [0x0000000080000000, 0x0000000089680000, 0x00000000d5580000)
  object space 154112K, 99% used [0x0000000080000000,0x0000000089624860,0x0000000089680000)
 Metaspace       used 78359K, committed 79936K, reserved 1179648K
  class space    used 8124K, committed 8832K, reserved 1048576K
}
Event: 503.585 GC heap after
{Heap after GC invocations=422 (full 3):
 PSYoungGen      total 3072K, used 288K [0x00000000d5580000, 0x00000000d5900000, 0x0000000100000000)
  eden space 2048K, 0% used [0x00000000d5580000,0x00000000d5580000,0x00000000d5780000)
  from space 1024K, 28% used [0x00000000d5780000,0x00000000d57c8000,0x00000000d5880000)
  to   space 512K, 0% used [0x00000000d5880000,0x00000000d5880000,0x00000000d5900000)
 ParOldGen       total 154624K, used 154218K [0x0000000080000000, 0x0000000089700000, 0x00000000d5580000)
  object space 154624K, 99% used [0x0000000080000000,0x000000008969a870,0x0000000089700000)
 Metaspace       used 78359K, committed 79936K, reserved 1179648K
  class space    used 8124K, committed 8832K, reserved 1048576K
}
Event: 504.610 GC heap before
{Heap before GC invocations=423 (full 3):
 PSYoungGen      total 3072K, used 2336K [0x00000000d5580000, 0x00000000d5900000, 0x0000000100000000)
  eden space 2048K, 100% used [0x00000000d5580000,0x00000000d5780000,0x00000000d5780000)
  from space 1024K, 28% used [0x00000000d5780000,0x00000000d57c8000,0x00000000d5880000)
  to   space 512K, 0% used [0x00000000d5880000,0x00000000d5880000,0x00000000d5900000)
 ParOldGen       total 154624K, used 154218K [0x0000000080000000, 0x0000000089700000, 0x00000000d5580000)
  object space 154624K, 99% used [0x0000000080000000,0x000000008969a870,0x0000000089700000)
 Metaspace       used 78522K, committed 80192K, reserved 1179648K
  class space    used 8150K, committed 8896K, reserved 1048576K
}
Event: 504.613 GC heap after
{Heap after GC invocations=423 (full 3):
 PSYoungGen      total 2560K, used 96K [0x00000000d5580000, 0x00000000d5900000, 0x0000000100000000)
  eden space 2048K, 0% used [0x00000000d5580000,0x00000000d5580000,0x00000000d5780000)
  from space 512K, 18% used [0x00000000d5880000,0x00000000d5898000,0x00000000d5900000)
  to   space 512K, 0% used [0x00000000d5800000,0x00000000d5800000,0x00000000d5880000)
 ParOldGen       total 154624K, used 154442K [0x0000000080000000, 0x0000000089700000, 0x00000000d5580000)
  object space 154624K, 99% used [0x0000000080000000,0x00000000896d2870,0x0000000089700000)
 Metaspace       used 78522K, committed 80192K, reserved 1179648K
  class space    used 8150K, committed 8896K, reserved 1048576K
}
Event: 524.150 GC heap before
{Heap before GC invocations=424 (full 3):
 PSYoungGen      total 2560K, used 2140K [0x00000000d5580000, 0x00000000d5900000, 0x0000000100000000)
  eden space 2048K, 99% used [0x00000000d5580000,0x00000000d577f080,0x00000000d5780000)
  from space 512K, 18% used [0x00000000d5880000,0x00000000d5898000,0x00000000d5900000)
  to   space 512K, 0% used [0x00000000d5800000,0x00000000d5800000,0x00000000d5880000)
 ParOldGen       total 154624K, used 154442K [0x0000000080000000, 0x0000000089700000, 0x00000000d5580000)
  object space 154624K, 99% used [0x0000000080000000,0x00000000896d2870,0x0000000089700000)
 Metaspace       used 78586K, committed 80256K, reserved 1179648K
  class space    used 8154K, committed 8896K, reserved 1048576K
}
Event: 524.158 GC heap after
{Heap after GC invocations=424 (full 3):
 PSYoungGen      total 2560K, used 186K [0x00000000d5580000, 0x00000000d5900000, 0x0000000100000000)
  eden space 2048K, 0% used [0x00000000d5580000,0x00000000d5580000,0x00000000d5780000)
  from space 512K, 36% used [0x00000000d5800000,0x00000000d582e900,0x00000000d5880000)
  to   space 512K, 0% used [0x00000000d5880000,0x00000000d5880000,0x00000000d5900000)
 ParOldGen       total 154624K, used 154498K [0x0000000080000000, 0x0000000089700000, 0x00000000d5580000)
  object space 154624K, 99% used [0x0000000080000000,0x00000000896e0870,0x0000000089700000)
 Metaspace       used 78586K, committed 80256K, reserved 1179648K
  class space    used 8154K, committed 8896K, reserved 1048576K
}
Event: 524.790 GC heap before
{Heap before GC invocations=425 (full 3):
 PSYoungGen      total 2560K, used 2234K [0x00000000d5580000, 0x00000000d5900000, 0x0000000100000000)
  eden space 2048K, 100% used [0x00000000d5580000,0x00000000d5780000,0x00000000d5780000)
  from space 512K, 36% used [0x00000000d5800000,0x00000000d582e900,0x00000000d5880000)
  to   space 512K, 0% used [0x00000000d5880000,0x00000000d5880000,0x00000000d5900000)
 ParOldGen       total 154624K, used 154498K [0x0000000080000000, 0x0000000089700000, 0x00000000d5580000)
  object space 154624K, 99% used [0x0000000080000000,0x00000000896e0870,0x0000000089700000)
 Metaspace       used 78746K, committed 80448K, reserved 1179648K
  class space    used 8197K, committed 8960K, reserved 1048576K
}
Event: 524.793 GC heap after
{Heap after GC invocations=425 (full 3):
 PSYoungGen      total 2560K, used 480K [0x00000000d5580000, 0x00000000d5980000, 0x0000000100000000)
  eden space 2048K, 0% used [0x00000000d5580000,0x00000000d5580000,0x00000000d5780000)
  from space 512K, 93% used [0x00000000d5880000,0x00000000d58f8000,0x00000000d5900000)
  to   space 1024K, 0% used [0x00000000d5780000,0x00000000d5780000,0x00000000d5880000)
 ParOldGen       total 154624K, used 154590K [0x0000000080000000, 0x0000000089700000, 0x00000000d5580000)
  object space 154624K, 99% used [0x0000000080000000,0x00000000896f7a70,0x0000000089700000)
 Metaspace       used 78746K, committed 80448K, reserved 1179648K
  class space    used 8197K, committed 8960K, reserved 1048576K
}

