# JRE version: OpenJDK Runtime Environment Temurin-21.0.11+10 (21.0.11+10) (build 21.0.11+10-LTS)
# Java VM: OpenJDK 64-Bit Server VM Temurin-21.0.11+10 (21.0.11+10-LTS, mixed mode, sharing, tiered, compressed oops, compressed class ptrs, parallel gc, windows-amd64)
GC Precious Log:
 CardTable entry size: 512
 CPUs: 4 total, 4 available
 Memory: 8072M
 Large Page Support: Disabled
 NUMA Support: Disabled
 Compressed Oops: Enabled (32-bit)
 Alignments: Space 512K, Generation 512K, Heap 2M
 Heap Min Capacity: 100M
 Heap Initial Capacity: 100M
 Heap Max Capacity: 2G
 Pre-touch: Disabled
 Parallel Workers: 4
Heap:
 PSYoungGen      total 7680K, used 6010K [0x00000000d5580000, 0x00000000d6080000, 0x0000000100000000)
  eden space 6144K, 80% used [0x00000000d5580000,0x00000000d5a568f0,0x00000000d5b80000)
  from space 1536K, 68% used [0x00000000d5b80000,0x00000000d5c88000,0x00000000d5d00000)
  to   space 2048K, 0% used [0x00000000d5e80000,0x00000000d5e80000,0x00000000d6080000)
 ParOldGen       total 129024K, used 128997K [0x0000000080000000, 0x0000000087e00000, 0x00000000d5580000)
  object space 129024K, 99% used [0x0000000080000000,0x0000000087df9520,0x0000000087e00000)
 Metaspace       used 70661K, committed 72256K, reserved 1114112K
  class space    used 7198K, committed 7872K, reserved 1048576K
GC Heap History (20 events):
Event: 48.299 GC heap before
{Heap before GC invocations=199 (full 3):
 PSYoungGen      total 7680K, used 7648K [0x00000000d5580000, 0x00000000d5e80000, 0x0000000100000000)
  eden space 7168K, 100% used [0x00000000d5580000,0x00000000d5c80000,0x00000000d5c80000)
  from space 512K, 93% used [0x00000000d5c80000,0x00000000d5cf8010,0x00000000d5d00000)
  to   space 1024K, 0% used [0x00000000d5d80000,0x00000000d5d80000,0x00000000d5e80000)
 ParOldGen       total 121344K, used 120853K [0x0000000080000000, 0x0000000087680000, 0x00000000d5580000)
  object space 121344K, 99% used [0x0000000080000000,0x0000000087605488,0x0000000087680000)
 Metaspace       used 69874K, committed 71424K, reserved 1114112K
  class space    used 7129K, committed 7808K, reserved 1048576K
}
Event: 48.302 GC heap after
{Heap after GC invocations=199 (full 3):
 PSYoungGen      total 7168K, used 1000K [0x00000000d5580000, 0x00000000d6080000, 0x0000000100000000)
  eden space 6144K, 0% used [0x00000000d5580000,0x00000000d5580000,0x00000000d5b80000)
  from space 1024K, 97% used [0x00000000d5d80000,0x00000000d5e7a128,0x00000000d5e80000)
  to   space 2048K, 0% used [0x00000000d5b80000,0x00000000d5b80000,0x00000000d5d80000)
 ParOldGen       total 121344K, used 121305K [0x0000000080000000, 0x0000000087680000, 0x00000000d5580000)
  object space 121344K, 99% used [0x0000000080000000,0x00000000876764c8,0x0000000087680000)
 Metaspace       used 69874K, committed 71424K, reserved 1114112K
  class space    used 7129K, committed 7808K, reserved 1048576K
}
Event: 48.442 GC heap before
{Heap before GC invocations=200 (full 3):
 PSYoungGen      total 7168K, used 7144K [0x00000000d5580000, 0x00000000d6080000, 0x0000000100000000)
  eden space 6144K, 100% used [0x00000000d5580000,0x00000000d5b80000,0x00000000d5b80000)
  from space 1024K, 97% used [0x00000000d5d80000,0x00000000d5e7a128,0x00000000d5e80000)
  to   space 2048K, 0% used [0x00000000d5b80000,0x00000000d5b80000,0x00000000d5d80000)
 ParOldGen       total 121344K, used 121305K [0x0000000080000000, 0x0000000087680000, 0x00000000d5580000)
  object space 121344K, 99% used [0x0000000080000000,0x00000000876764c8,0x0000000087680000)
 Metaspace       used 69913K, committed 71424K, reserved 1114112K
  class space    used 7129K, committed 7808K, reserved 1048576K
}
Event: 48.444 GC heap after
{Heap after GC invocations=200 (full 3):
 PSYoungGen      total 7168K, used 660K [0x00000000d5580000, 0x00000000d5e00000, 0x0000000100000000)
  eden space 6144K, 0% used [0x00000000d5580000,0x00000000d5580000,0x00000000d5b80000)
  from space 1024K, 64% used [0x00000000d5b80000,0x00000000d5c25200,0x00000000d5c80000)
  to   space 1024K, 0% used [0x00000000d5d00000,0x00000000d5d00000,0x00000000d5e00000)
 ParOldGen       total 122368K, used 122242K [0x0000000080000000, 0x0000000087780000, 0x00000000d5580000)
  object space 122368K, 99% used [0x0000000080000000,0x0000000087760b98,0x0000000087780000)
 Metaspace       used 69913K, committed 71424K, reserved 1114112K
  class space    used 7129K, committed 7808K, reserved 1048576K
}
Event: 48.538 GC heap before
{Heap before GC invocations=201 (full 3):
 PSYoungGen      total 7168K, used 6804K [0x00000000d5580000, 0x00000000d5e00000, 0x0000000100000000)
  eden space 6144K, 100% used [0x00000000d5580000,0x00000000d5b80000,0x00000000d5b80000)
  from space 1024K, 64% used [0x00000000d5b80000,0x00000000d5c25200,0x00000000d5c80000)
  to   space 1024K, 0% used [0x00000000d5d00000,0x00000000d5d00000,0x00000000d5e00000)
 ParOldGen       total 122368K, used 122242K [0x0000000080000000, 0x0000000087780000, 0x00000000d5580000)
  object space 122368K, 99% used [0x0000000080000000,0x0000000087760b98,0x0000000087780000)
 Metaspace       used 69928K, committed 71424K, reserved 1114112K
  class space    used 7129K, committed 7808K, reserved 1048576K
}
Event: 48.540 GC heap after
{Heap after GC invocations=201 (full 3):
 PSYoungGen      total 7168K, used 747K [0x00000000d5580000, 0x00000000d5e00000, 0x0000000100000000)
  eden space 6144K, 0% used [0x00000000d5580000,0x00000000d5580000,0x00000000d5b80000)
  from space 1024K, 72% used [0x00000000d5d00000,0x00000000d5dbacc8,0x00000000d5e00000)
  to   space 1024K, 0% used [0x00000000d5b80000,0x00000000d5b80000,0x00000000d5c80000)
 ParOldGen       total 122880K, used 122821K [0x0000000080000000, 0x0000000087800000, 0x00000000d5580000)
  object space 122880K, 99% used [0x0000000080000000,0x00000000877f1548,0x0000000087800000)
 Metaspace       used 69928K, committed 71424K, reserved 1114112K
  class space    used 7129K, committed 7808K, reserved 1048576K
}
Event: 48.668 GC heap before
{Heap before GC invocations=202 (full 3):
 PSYoungGen      total 7168K, used 6891K [0x00000000d5580000, 0x00000000d5e00000, 0x0000000100000000)
  eden space 6144K, 100% used [0x00000000d5580000,0x00000000d5b80000,0x00000000d5b80000)
  from space 1024K, 72% used [0x00000000d5d00000,0x00000000d5dbacc8,0x00000000d5e00000)
  to   space 1024K, 0% used [0x00000000d5b80000,0x00000000d5b80000,0x00000000d5c80000)
 ParOldGen       total 122880K, used 122821K [0x0000000080000000, 0x0000000087800000, 0x00000000d5580000)
  object space 122880K, 99% used [0x0000000080000000,0x00000000877f1548,0x0000000087800000)
 Metaspace       used 69929K, committed 71424K, reserved 1114112K
  class space    used 7129K, committed 7808K, reserved 1048576K
}
Event: 48.672 GC heap after
{Heap after GC invocations=202 (full 3):
 PSYoungGen      total 7168K, used 692K [0x00000000d5580000, 0x00000000d5d80000, 0x0000000100000000)
  eden space 6144K, 0% used [0x00000000d5580000,0x00000000d5580000,0x00000000d5b80000)
  from space 1024K, 67% used [0x00000000d5b80000,0x00000000d5c2d200,0x00000000d5c80000)
  to   space 1024K, 0% used [0x00000000d5c80000,0x00000000d5c80000,0x00000000d5d80000)
 ParOldGen       total 123392K, used 123373K [0x0000000080000000, 0x0000000087880000, 0x00000000d5580000)
  object space 123392K, 99% used [0x0000000080000000,0x000000008787b548,0x0000000087880000)
 Metaspace       used 69929K, committed 71424K, reserved 1114112K
  class space    used 7129K, committed 7808K, reserved 1048576K
}
Event: 48.812 GC heap before
{Heap before GC invocations=203 (full 3):
 PSYoungGen      total 7168K, used 6836K [0x00000000d5580000, 0x00000000d5d80000, 0x0000000100000000)
  eden space 6144K, 100% used [0x00000000d5580000,0x00000000d5b80000,0x00000000d5b80000)
  from space 1024K, 67% used [0x00000000d5b80000,0x00000000d5c2d200,0x00000000d5c80000)
  to   space 1024K, 0% used [0x00000000d5c80000,0x00000000d5c80000,0x00000000d5d80000)
 ParOldGen       total 123392K, used 123373K [0x0000000080000000, 0x0000000087880000, 0x00000000d5580000)
  object space 123392K, 99% used [0x0000000080000000,0x000000008787b548,0x0000000087880000)
 Metaspace       used 69935K, committed 71424K, reserved 1114112K
  class space    used 7129K, committed 7808K, reserved 1048576K
}
Event: 48.814 GC heap after
{Heap after GC invocations=203 (full 3):
 PSYoungGen      total 6656K, used 388K [0x00000000d5580000, 0x00000000d5d00000, 0x0000000100000000)
  eden space 6144K, 0% used [0x00000000d5580000,0x00000000d5580000,0x00000000d5b80000)
  from space 512K, 75% used [0x00000000d5c80000,0x00000000d5ce1210,0x00000000d5d00000)
  to   space 512K, 0% used [0x00000000d5c00000,0x00000000d5c00000,0x00000000d5c80000)
 ParOldGen       total 124416K, used 123985K [0x0000000080000000, 0x0000000087980000, 0x00000000d5580000)
  object space 124416K, 99% used [0x0000000080000000,0x0000000087914778,0x0000000087980000)
 Metaspace       used 69935K, committed 71424K, reserved 1114112K
  class space    used 7129K, committed 7808K, reserved 1048576K
}
Event: 48.908 GC heap before
{Heap before GC invocations=204 (full 3):
 PSYoungGen      total 6656K, used 6532K [0x00000000d5580000, 0x00000000d5d00000, 0x0000000100000000)
  eden space 6144K, 100% used [0x00000000d5580000,0x00000000d5b80000,0x00000000d5b80000)
  from space 512K, 75% used [0x00000000d5c80000,0x00000000d5ce1210,0x00000000d5d00000)
  to   space 512K, 0% used [0x00000000d5c00000,0x00000000d5c00000,0x00000000d5c80000)
 ParOldGen       total 124416K, used 123985K [0x0000000080000000, 0x0000000087980000, 0x00000000d5580000)
  object space 124416K, 99% used [0x0000000080000000,0x0000000087914778,0x0000000087980000)
 Metaspace       used 69962K, committed 71488K, reserved 1114112K
  class space    used 7129K, committed 7808K, reserved 1048576K
}
Event: 48.911 GC heap after
{Heap after GC invocations=204 (full 3):
 PSYoungGen      total 6656K, used 484K [0x00000000d5580000, 0x00000000d5e80000, 0x0000000100000000)
  eden space 6144K, 0% used [0x00000000d5580000,0x00000000d5580000,0x00000000d5b80000)
  from space 512K, 94% used [0x00000000d5c00000,0x00000000d5c79210,0x00000000d5c80000)
  to   space 1536K, 0% used [0x00000000d5d00000,0x00000000d5d00000,0x00000000d5e80000)
 ParOldGen       total 124928K, used 124638K [0x0000000080000000, 0x0000000087a00000, 0x00000000d5580000)
  object space 124928K, 99% used [0x0000000080000000,0x00000000879b79a8,0x0000000087a00000)
 Metaspace       used 69962K, committed 71488K, reserved 1114112K
  class space    used 7129K, committed 7808K, reserved 1048576K
}
Event: 49.499 GC heap before
{Heap before GC invocations=205 (full 3):
 PSYoungGen      total 6656K, used 6628K [0x00000000d5580000, 0x00000000d5e80000, 0x0000000100000000)
  eden space 6144K, 100% used [0x00000000d5580000,0x00000000d5b80000,0x00000000d5b80000)
  from space 512K, 94% used [0x00000000d5c00000,0x00000000d5c79210,0x00000000d5c80000)
  to   space 1536K, 0% used [0x00000000d5d00000,0x00000000d5d00000,0x00000000d5e80000)
 ParOldGen       total 124928K, used 124638K [0x0000000080000000, 0x0000000087a00000, 0x00000000d5580000)
  object space 124928K, 99% used [0x0000000080000000,0x00000000879b79a8,0x0000000087a00000)
 Metaspace       used 70309K, committed 71872K, reserved 1114112K
  class space    used 7164K, committed 7872K, reserved 1048576K
}
Event: 49.501 GC heap after
{Heap after GC invocations=205 (full 3):
 PSYoungGen      total 6656K, used 468K [0x00000000d5580000, 0x00000000d5d80000, 0x0000000100000000)
  eden space 6144K, 0% used [0x00000000d5580000,0x00000000d5580000,0x00000000d5b80000)
  from space 512K, 91% used [0x00000000d5d00000,0x00000000d5d75200,0x00000000d5d80000)
  to   space 1024K, 0% used [0x00000000d5b80000,0x00000000d5b80000,0x00000000d5c80000)
 ParOldGen       total 125440K, used 125114K [0x0000000080000000, 0x0000000087a80000, 0x00000000d5580000)
  object space 125440K, 99% used [0x0000000080000000,0x0000000087a2ebb8,0x0000000087a80000)
 Metaspace       used 70309K, committed 71872K, reserved 1114112K
  class space    used 7164K, committed 7872K, reserved 1048576K
}
Event: 49.530 GC heap before
{Heap before GC invocations=206 (full 3):
 PSYoungGen      total 6656K, used 6612K [0x00000000d5580000, 0x00000000d5d80000, 0x0000000100000000)
  eden space 6144K, 100% used [0x00000000d5580000,0x00000000d5b80000,0x00000000d5b80000)
  from space 512K, 91% used [0x00000000d5d00000,0x00000000d5d75200,0x00000000d5d80000)
  to   space 1024K, 0% used [0x00000000d5b80000,0x00000000d5b80000,0x00000000d5c80000)
 ParOldGen       total 125440K, used 125114K [0x0000000080000000, 0x0000000087a80000, 0x00000000d5580000)
  object space 125440K, 99% used [0x0000000080000000,0x0000000087a2ebb8,0x0000000087a80000)
 Metaspace       used 70315K, committed 71872K, reserved 1114112K
  class space    used 7164K, committed 7872K, reserved 1048576K
}
Event: 49.535 GC heap after
{Heap after GC invocations=206 (full 3):
 PSYoungGen      total 7168K, used 995K [0x00000000d5580000, 0x00000000d6480000, 0x0000000100000000)
  eden space 6144K, 0% used [0x00000000d5580000,0x00000000d5580000,0x00000000d5b80000)
  from space 1024K, 97% used [0x00000000d5b80000,0x00000000d5c78c98,0x00000000d5c80000)
  to   space 4608K, 0% used [0x00000000d6000000,0x00000000d6000000,0x00000000d6480000)
 ParOldGen       total 128000K, used 127686K [0x0000000080000000, 0x0000000087d00000, 0x00000000d5580000)
  object space 128000K, 99% used [0x0000000080000000,0x0000000087cb1b40,0x0000000087d00000)
 Metaspace       used 70315K, committed 71872K, reserved 1114112K
  class space    used 7164K, committed 7872K, reserved 1048576K
}
Event: 49.588 GC heap before
{Heap before GC invocations=207 (full 3):
 PSYoungGen      total 7168K, used 7084K [0x00000000d5580000, 0x00000000d6480000, 0x0000000100000000)
  eden space 6144K, 99% used [0x00000000d5580000,0x00000000d5b72388,0x00000000d5b80000)
  from space 1024K, 97% used [0x00000000d5b80000,0x00000000d5c78c98,0x00000000d5c80000)
  to   space 4608K, 0% used [0x00000000d6000000,0x00000000d6000000,0x00000000d6480000)
 ParOldGen       total 128000K, used 127686K [0x0000000080000000, 0x0000000087d00000, 0x00000000d5580000)
  object space 128000K, 99% used [0x0000000080000000,0x0000000087cb1b40,0x0000000087d00000)
 Metaspace       used 70319K, committed 71872K, reserved 1114112K
  class space    used 7164K, committed 7872K, reserved 1048576K
}
Event: 49.593 GC heap after
{Heap after GC invocations=207 (full 3):
 PSYoungGen      total 9728K, used 3504K [0x00000000d5580000, 0x00000000d6380000, 0x0000000100000000)
  eden space 6144K, 0% used [0x00000000d5580000,0x00000000d5580000,0x00000000d5b80000)
  from space 3584K, 97% used [0x00000000d6000000,0x00000000d636c2c8,0x00000000d6380000)
  to   space 4096K, 0% used [0x00000000d5b80000,0x00000000d5b80000,0x00000000d5f80000)
 ParOldGen       total 129024K, used 128685K [0x0000000080000000, 0x0000000087e00000, 0x00000000d5580000)
  object space 129024K, 99% used [0x0000000080000000,0x0000000087dab520,0x0000000087e00000)
 Metaspace       used 70319K, committed 71872K, reserved 1114112K
  class space    used 7164K, committed 7872K, reserved 1048576K
}
Event: 54.172 GC heap before
{Heap before GC invocations=208 (full 3):
 PSYoungGen      total 9728K, used 9648K [0x00000000d5580000, 0x00000000d6380000, 0x0000000100000000)
  eden space 6144K, 100% used [0x00000000d5580000,0x00000000d5b80000,0x00000000d5b80000)
  from space 3584K, 97% used [0x00000000d6000000,0x00000000d636c2c8,0x00000000d6380000)
  to   space 4096K, 0% used [0x00000000d5b80000,0x00000000d5b80000,0x00000000d5f80000)
 ParOldGen       total 129024K, used 128685K [0x0000000080000000, 0x0000000087e00000, 0x00000000d5580000)
  object space 129024K, 99% used [0x0000000080000000,0x0000000087dab520,0x0000000087e00000)
 Metaspace       used 70429K, committed 71936K, reserved 1114112K
  class space    used 7190K, committed 7872K, reserved 1048576K
}
Event: 54.176 GC heap after
{Heap after GC invocations=208 (full 3):
 PSYoungGen      total 7680K, used 1056K [0x00000000d5580000, 0x00000000d6080000, 0x0000000100000000)
  eden space 6144K, 0% used [0x00000000d5580000,0x00000000d5580000,0x00000000d5b80000)
  from space 1536K, 68% used [0x00000000d5b80000,0x00000000d5c88000,0x00000000d5d00000)
  to   space 2048K, 0% used [0x00000000d5e80000,0x00000000d5e80000,0x00000000d6080000)
 ParOldGen       total 129024K, used 128997K [0x0000000080000000, 0x0000000087e00000, 0x00000000d5580000)
  object space 129024K, 99% used [0x0000000080000000,0x0000000087df9520,0x0000000087e00000)
 Metaspace       used 70429K, committed 71936K, reserved 1114112K
  class space    used 7190K, committed 7872K, reserved 1048576K
}

